Cocos2d: 
<dict>
	cocos2d.x.version: quick-cocos2d-x 2.2.5
	cocos2d.x.compiled_with_profiler: false
	cocos2d.x.compiled_with_gl_state_cache: true
	gl.vendor: Intel Inc.
	gl.renderer: Intel HD Graphics 4000 OpenGL Engine
	gl.version: 2.1 INTEL-10.0.86
	gl.max_texture_size: 16384
	gl.max_texture_units: 16
	gl.supports_PVRTC: false
	gl.supports_NPOT: true
	gl.supports_BGRA8888: false
	gl.supports_discard_framebuffer: false
	gl.supports_vertex_array_object: true
</dict>
Cocos2d: lua_loadChunksFromZIP() - load zip file: /Users/GuoJia/Project/quick/quick-cocos2d-x-2.2.5/lib/framework_precompiled/framework_precompiled.zip
Cocos2d: lua_loadChunksFromZIP() - loaded chunks count: 108
Cocos2d: ------------------------------------------------
Cocos2d: LOAD LUA FILE: /wwwroot/beAStar/mobiClient/scripts/main.lua
Cocos2d: ------------------------------------------------
Cocos2d: [0.0224] [INFO] 
Cocos2d: [0.0224] [INFO] # DEBUG                        = 0
Cocos2d: [0.0224] [INFO] #
Cocos2d: [0.0225] [INFO] # device.platform              = mac
Cocos2d: [0.0225] [INFO] # device.model                 = unknown
Cocos2d: [0.0225] [INFO] # device.language              = cn
Cocos2d: [0.0225] [INFO] # device.writablePath          = /wwwroot/beAStar/mobiClient/
Cocos2d: [0.0225] [INFO] # device.cachePath             = /wwwroot/beAStar/mobiClient/
Cocos2d: [0.0225] [INFO] # device.directorySeparator    = /
Cocos2d: [0.0225] [INFO] # device.pathSeparator         = :
Cocos2d: [0.0225] [INFO] #
Cocos2d: [0.0239] [INFO] # CONFIG_SCREEN_AUTOSCALE      = FIXED_WIDTH
Cocos2d: [0.0240] [INFO] # CONFIG_SCREEN_WIDTH          = 1136.00
Cocos2d: [0.0240] [INFO] # CONFIG_SCREEN_HEIGHT         = 640.00
Cocos2d: [0.0240] [INFO] # display.widthInPixels        = 1136.00
Cocos2d: [0.0240] [INFO] # display.heightInPixels       = 640.00
Cocos2d: [0.0240] [INFO] # display.contentScaleFactor   = 1.00
Cocos2d: [0.0240] [INFO] # display.width                = 1136.00
Cocos2d: [0.0240] [INFO] # display.height               = 640.00
Cocos2d: [0.0240] [INFO] # display.cx                   = 568.00
Cocos2d: [0.0240] [INFO] # display.cy                   = 320.00
Cocos2d: [0.0240] [INFO] # display.left                 = 0.00
Cocos2d: [0.0240] [INFO] # display.right                = 1136.00
Cocos2d: [0.0240] [INFO] # display.top                  = 640.00
Cocos2d: [0.0240] [INFO] # display.bottom               = 0.00
Cocos2d: [0.0240] [INFO] # display.c_left               = -568.00
Cocos2d: [0.0240] [INFO] # display.c_right              = 568.00
Cocos2d: [0.0240] [INFO] # display.c_top                = 320.00
Cocos2d: [0.0240] [INFO] # display.c_bottom             = -320.00
Cocos2d: [0.0241] [INFO] #
Cocos2d: [0.0323] [INFO] INIT ResourceManager
Cocos2d: [0.0349] [INFO] old path------> /
Cocos2d: [0.0350] [INFO] path check OK------> /wwwroot/beAStar/mobiClient/download/
Cocos2d: [0.0384] [DEPRECATED] module api.EventProtocol is deprecated, please use cc.components.behavior.EventProtocol
Cocos2d: [0.0404] [DEPRECATED] module api.EventProtocol is deprecated, please use cc.components.behavior.EventProtocol
Cocos2d: [0.0425] [INFO] BEGIN!!!!!!BaseLogic:run
Cocos2d: [0.0425] [INFO] BaseLogic:initPluginManager
Cocos2d: [0.0435] [DEPRECATED] module api.EventProtocol is deprecated, please use cc.components.behavior.EventProtocol
Cocos2d: [0.0442] key = replace_text
Cocos2d: [0.0442] self.distributions====replace_text
Cocos2d: [0.0442] 炸金花:赢三张|扎金花:赢三张|掌心游:掌心游
Cocos2d: [0.0442] key = quickpay
Cocos2d: [0.0443] key = liantong_sms
Cocos2d: [0.0443] key = banedpay
Cocos2d: [0.0443] key = logodating
Cocos2d: [0.0443] key = thirdplatformquickpay
Cocos2d: [0.0443] key = dianxin_sms
Cocos2d: [0.0443] key = skipupgrade
Cocos2d: [0.0443] key = logodenglu
Cocos2d: [0.0443] key = share
Cocos2d: [0.0443] key = usetestenv
Cocos2d: [0.0444] key = toolbar
Cocos2d: [0.0444] key = yidong_sms
Cocos2d: [0.0444] key = thirdplatformexitpage
Cocos2d: [0.0444] key = logoloading
Cocos2d: [0.0444] key = showPingCoo
Cocos2d: [0.0444] plugins.t.plist
Cocos2d: [0.0444] [INFO] will load plugins from plugins.t.plist
Cocos2d: [0.0445] [INFO] plugins.t.plist not exists
Cocos2d: [0.0453] [INFO] will init 5 : PluginSession ,SessionGuest
Cocos2d: [0.0458] [INFO] will init 5 : PluginSession ,SessionWeibo
Cocos2d: [0.0460] [INFO] will init 5 : PluginSession ,Session360
Cocos2d: [0.0460] [INFO] will init 3 : PluginIAP ,IAP360
Cocos2d: [0.0464] [INFO] will init 6 : PluginExtend ,Extend360
Cocos2d: [0.0467] [INFO] will init 9 : PluginPlatform ,PlatformWP
Cocos2d: [0.0471] [INFO] will init 10 : PluginIAPSms ,IAPEstore
Cocos2d: [0.0476] [INFO] will init 10 : PluginIAPSms ,IAPYdmm
Cocos2d: [0.0476] [INFO] will init 10 : PluginIAPSms ,IAPUniPay
Cocos2d: [0.0476] [INFO] will init 7 : PluginPush ,PushIGeXin
Cocos2d: [0.0480] [INFO] -----SET PACKAGE NAME:com.hiigame.ddz.android.qh360-----
Cocos2d: [0.0480] [INFO] Will load :SessionGuest
Cocos2d: [0.0480] [INFO] Load Plugin:SessionGuest
Cocos2d: [0.0480] [INFO] Will load :IAP360
Cocos2d: [0.0480] [INFO] Load Plugin:IAP360
Cocos2d: [0.0480] [INFO] Will load :PushIGeXin
Cocos2d: [0.0480] [INFO] Load Plugin:PushIGeXin
Cocos2d: [0.0480] [INFO] Will load :IAPUniPay
Cocos2d: [0.0480] [INFO] Load Plugin:IAPUniPay
Cocos2d: [0.0480] [INFO] Will load :IAPYdmm
Cocos2d: [0.0480] [INFO] Load Plugin:IAPYdmm
Cocos2d: [0.0480] [INFO] Will load :SessionWeibo
Cocos2d: [0.0480] [INFO] Load Plugin:SessionWeibo
Cocos2d: [0.0480] [INFO] Will load :Extend360
Cocos2d: [0.0481] [INFO] Load Plugin:Extend360
Cocos2d: [0.0481] [INFO] Will load :PlatformWP
Cocos2d: [0.0481] [INFO] Load Plugin:PlatformWP
Cocos2d: [0.0481] [INFO] Will load :Session360
Cocos2d: [0.0481] [INFO] Load Plugin:Session360
Cocos2d: [0.0481] [INFO] Will load :IAPEstore
Cocos2d: [0.0481] [INFO] Load Plugin:IAPEstore
Cocos2d: [0.0481] LobbyLogic:resetUserInfo
Cocos2d: [0.0481] LobbyLogic:dispatchLogicEvent dis
Cocos2d: [0.0486] [DEPRECATED] module api.EventProtocol is deprecated, please use cc.components.behavior.EventProtocol
Cocos2d: [0.0492] [INFO]  dealing createElement CCLayer as 根节点
Cocos2d: [0.0492] [INFO]  dealing contentSize w:1136,h:640
Cocos2d: [0.0492] [INFO] 	 dealing createElement CCLayerColor as 背景色
Cocos2d: [0.0493] [INFO] 	 dealing contentSize w:1136,h:640
Cocos2d: [0.0493] [INFO] 	 dealing createElement CCSprite as 背景
Cocos2d: [0.0534] [INFO] 	 dealing position x:568,y:320
Cocos2d: [0.0534] [INFO] 	 dealing createElement CCNode as 底栏
Cocos2d: [0.0534] [INFO] 	 dealing contentSize w:1136,h:240
Cocos2d: [0.0534] [INFO] 	 dealing position x:568,y:0
Cocos2d: [0.0535] [INFO] 		 dealing createElement CCScale9Sprite as 九宫格
Cocos2d: [0.0549] [INFO] 		 dealing contentSize w:1136,h:240
Cocos2d: [0.0550] [INFO] 		 dealing position x:568,y:120
Cocos2d: [0.0550] [INFO] 		 dealing createElement CCSprite as NPC
Cocos2d: [0.0593] [INFO] 		 dealing position x:10,y:0
Cocos2d: [0.0593] [INFO] 		 dealing createElement CCLabelTTF as NPC Name
Cocos2d: [0.1099] [INFO] 		 dealing position x:180,y:170
Cocos2d: [0.1099] [INFO] 		 dealing createElement CCNode as 顶栏
Cocos2d: [0.1099] [INFO] 		 dealing contentSize w:1136,h:128
Cocos2d: [0.1100] [INFO] 		 dealing position x:568,y:640
Cocos2d: [0.1100] [INFO] 			 dealing createElement CCSprite as 头像
Cocos2d: [0.1120] [INFO] 			 dealing position x:10,y:118
Cocos2d: [0.1120] [INFO] 			 dealing createElement CCLabelTTF as 名字
Cocos2d: [0.1137] [INFO] 			 dealing position x:180,y:98
Cocos2d: [0.1138] [INFO] 			 dealing createElement CCLabelTTF as 体力
Cocos2d: [0.1162] [INFO] 			 dealing position x:180,y:58
Cocos2d: [0.1163] [INFO] 			 dealing createElement CCLabelTTF as 经验
Cocos2d: [0.1179] [INFO] 			 dealing position x:180,y:18
Cocos2d: [0.1179] [INFO] 			 dealing createElement CCLabelTTF as 钱等
Cocos2d: [0.1201] [INFO] 			 dealing position x:180,y:-22
Cocos2d: [0.1202] [INFO] 			 dealing createElement CCControlButton as 人物列表
Cocos2d: [0.1317] [INFO] 			 dealing position x:1086,y:74
Cocos2d: [0.1317] [INFO] 			 dealing createElement CCControlButton as 人物列表
Cocos2d: [0.1341] [INFO] 			 dealing position x:986,y:74
Cocos2d: [0.1341] [INFO] 			 dealing createElement CCControlButton as 人物列表
Cocos2d: [0.1417] [INFO] 			 dealing position x:886,y:74
Cocos2d: [0.1417] [INFO] 			 dealing createElement CCControlButton as 人物列表
Cocos2d: [0.1426] [INFO] 			 dealing position x:786,y:74
Cocos2d: [0.1426] [INFO] 			 dealing createElement CCControlButton as 人物列表
Cocos2d: [0.1433] [INFO] 			 dealing position x:686,y:74
Cocos2d: [0.1433] [INFO] 			 dealing createElement CCControlButton as 人物列表
Cocos2d: [0.1440] [INFO] 			 dealing position x:586,y:74
Cocos2d: [0.1440] [INFO] 			 dealing createElement CCNode as 右栏
Cocos2d: [0.1440] [INFO] 			 dealing position x:1136,y:640
Cocos2d: [0.1440] [INFO] 				 dealing createElement CCLabelTTF as 地点
Cocos2d: [0.1460] [INFO] 				 dealing position x:-10,y:-120
Cocos2d: [0.1461] [INFO] 				 dealing createElement CCControlButton as 人物列表
Cocos2d: [0.1479] [INFO] 				 dealing position x:-70,y:-200
Cocos2d: [0.1479] [INFO] 				 dealing preferedSize w:120,h:80
Cocos2d: [0.1480] [DEPRECATED] Node.registerScriptHandler() is deprecated, please use Node.addNodeEventListener()
Cocos2d: [0.1480] 4  (number)

Cocos2d: [0.1480] moduleLobby_LocationScene  (string)

Cocos2d: [0.1480]   (string)

Cocos2d: [0.1480] sharedDirector:runWithScene
Cocos2d: [0.3697] ----LocationScene: on enter------------
Cocos2d: [0.3699] ----LocationScene: on enterTransitionFinish------------
Cocos2d: [0.3700] enterTransitionFinish
Cocos2d: [0.3700] nil  (nil)

Cocos2d: [0.3700] [DEPRECATED] Layer.addKeypadEventListener() is deprecated, please use Layer.addNodeEventListener()
Cocos2d: [0.3700] BasePage:run
Cocos2d: [0.3700] [INFO] checkLogin!!
Cocos2d: [0.3702] view onFinishedTransition
Cocos2d: [0.5190] LobbyLogic:resetUserInfo
Cocos2d: [0.5190] LobbyLogic:dispatchLogicEvent dis
Cocos2d: [0.5190] [INFO] Who Block ME!!!
Cocos2d: [0.5190] [INFO] blockUI:scene:nil
Cocos2d: [0.5193] [DEPRECATED] Node.registerScriptTouchHandler() is deprecated, please use Node.addNodeEventListener()
Cocos2d: [0.5393] [INFO] SessionGuest:sessionLogin
Cocos2d: [0.5394] [INFO] Who Block ME!!!
Cocos2d: [0.5394] [INFO] blockUI:scene:nil
Cocos2d: [0.5394] [INFO] ---In Block UI already!
Cocos2d: [0.5395] [INFO] THANKS TO UNBlock ME!!!
Cocos2d: [0.5396] [DEPRECATED] Node.registerScriptTouchHandler() is deprecated, please use Node.addNodeEventListener()
Cocos2d: [0.5602] [INFO] self:getUuid 5a97573729ff493b303453a2a413538f74729c3e
Cocos2d: [0.5606] SessionGuestMain  table  table
Cocos2d: [0.5608] [INFO] 				 dealing createElement CCNode as 根节点
Cocos2d: [0.5608] [INFO] 				 dealing contentSize w:600,h:400
Cocos2d: [0.5608] [INFO] 					 dealing createElement CCSprite as 背景
Cocos2d: [0.5689] [INFO] 					 dealing position x:300,y:200
Cocos2d: [0.5690] [INFO] 					 dealing createElement CCLabelTTF as 文字1
Cocos2d: [0.5708] [INFO] 					 dealing position x:300,y:360
Cocos2d: [0.5709] [INFO] 					 dealing createElement CCLabelTTF as info
Cocos2d: [0.5724] [INFO] 					 dealing position x:300,y:200
Cocos2d: [0.5724] [INFO] 					 dealing createElement CCControlButton as 按钮2
Cocos2d: [0.5768] [INFO] 					 dealing position x:300,y:40
Cocos2d: [0.5769] [INFO] 					 dealing preferedSize w:182,h:49
Cocos2d: [0.5771] self.maskLayerColor:setTouchEnabled
Cocos2d: [0.5771] [DEPRECATED] Node.addTouchEventListener() is deprecated, please use Node.addNodeEventListener()
Cocos2d: [0.5771] [DEPRECATED] Node.addTouchEventListener() is deprecated, please use Node.addNodeEventListener()
Cocos2d: [0.5771] [DEPRECATED] Node.addTouchEventListener() is deprecated, please use Node.addNodeEventListener()
Cocos2d: [0.5771] self.maskLayerColor:setTouchEnabled1
Cocos2d: [0.5771] userdata: 0x16c79540  (userdata)

Cocos2d: [0.5771] nil  1
Cocos2d: [0.5772] 12334
